<html>
<body>
<pre>
<h1>Vision Build Log</h1>
<h2>Tool Versions:</h2>
IDE-Version: μVision V5.14.0.0
Copyright (C) 2015 ARM Ltd and ARM Germany GmbH. All rights reserved.
License Information: William William, William, LIC=KRMX7-EPZZ5-74YS0-B6GPI-IBFKQ-8VE0Q
 
Tool Versions:
Toolchain:       MDK-ARM Standard  Version: 5.14.0.0
Toolchain Path:  E:\keil5\ARM\ARMCC\Bin
C Compiler:      Armcc.exe V5.05 update 1 (build 106)
Assembler:       Armasm.exe V5.05 update 1 (build 106)
Linker/Locator:  ArmLink.exe V5.05 update 1 (build 106)
Library Manager: ArmAr.exe V5.05 update 1 (build 106)
Hex Converter:   FromElf.exe V5.05 update 1 (build 106)
CPU DLL:         SARMCM3.DLL V5.14.0.0
Dialog DLL:      DCM.DLL V1.13.1.0
Target DLL:      UL2CM3.DLL V1.155.0.0
Dialog DLL:      TCM.DLL V1.14.4.0
 
<h2>Project:</h2>
F:\实验室\stm32\STM32程序(个人编写)\Template\USER\Tempale.uvprojx
Project File Date:  09/01/2019

<h2>Output:</h2>
Build target 'Template'
compiling bme280.c...
..\BMP280\bme280.c(424): error:  #268: declaration may not appear after executable statement in block
        uint16_t temp_len;
..\BMP280\bme280.c(425): error:  #268: declaration may not appear after executable statement in block
        uint8_t reg_addr_cnt;
..\BMP280\bme280.c: 0 warnings, 2 errors
"..\OBJ\Tempale.axf" - 2 Error(s), 0 Warning(s).

<h2>Collection of Component include folders:</h2>
  F:\实验室\stm32\STM32程序(个人编写)\Template\USER\RTE
  E:\keil5\ARM\PACK\Keil\STM32F1xx_DFP\1.0.5\Device\Include

<h2>Collection of Component Files used:</h2>
Target not created.
</pre>
</body>
</html>
